<?xml version="1.0" encoding="UTF-8"?>
<testsuite name="com.bestbuy.cucumber.CucumberRunner" time="0.84" tests="57" errors="0" skipped="0" failures="0">
  <properties>
    <property name="idea.version" value="2022.2.2"/>
    <property name="java.runtime.name" value="Java(TM) SE Runtime Environment"/>
    <property name="sun.boot.library.path" value="C:\Program Files\Java\jdk1.8.0_121\jre\bin"/>
    <property name="java.vm.version" value="25.121-b13"/>
    <property name="java.vm.vendor" value="Oracle Corporation"/>
    <property name="maven.multiModuleProjectDirectory" value="C:\Users\Rx_bh\Desktop\Kajal ST\Weekly Manuals\p1-bestbuy-serenity-project-wk19-kajal"/>
    <property name="java.vendor.url" value="http://java.oracle.com/"/>
    <property name="path.separator" value=";"/>
    <property name="guice.disable.misplaced.annotation.check" value="true"/>
    <property name="java.vm.name" value="Java HotSpot(TM) 64-Bit Server VM"/>
    <property name="file.encoding.pkg" value="sun.io"/>
    <property name="user.script" value=""/>
    <property name="user.country" value="US"/>
    <property name="sun.java.launcher" value="SUN_STANDARD"/>
    <property name="sun.os.patch.level" value=""/>
    <property name="java.vm.specification.name" value="Java Virtual Machine Specification"/>
    <property name="user.dir" value="C:\Users\Rx_bh\Desktop\Kajal ST\Weekly Manuals\p1-bestbuy-serenity-project-wk19-kajal"/>
    <property name="java.runtime.version" value="1.8.0_121-b13"/>
    <property name="java.awt.graphicsenv" value="sun.awt.Win32GraphicsEnvironment"/>
    <property name="java.endorsed.dirs" value="C:\Program Files\Java\jdk1.8.0_121\jre\lib\endorsed"/>
    <property name="os.arch" value="amd64"/>
    <property name="java.io.tmpdir" value="C:\Users\Rx_bh\AppData\Local\Temp\"/>
    <property name="line.separator" value="&#10;"/>
    <property name="java.vm.specification.vendor" value="Oracle Corporation"/>
    <property name="user.variant" value=""/>
    <property name="os.name" value="Windows 10"/>
    <property name="maven.ext.class.path" value="C:\Program Files\JetBrains\IntelliJ IDEA Community Edition 2022.2.2\plugins\maven\lib\maven-event-listener.jar"/>
    <property name="classworlds.conf" value="C:\Program Files\JetBrains\IntelliJ IDEA Community Edition 2022.2.2\plugins\maven\lib\maven3\bin\m2.conf"/>
    <property name="sun.jnu.encoding" value="Cp1252"/>
    <property name="java.library.path" value="C:\Program Files\Java\jdk1.8.0_121\bin;C:\Windows\Sun\Java\bin;C:\Windows\system32;C:\Windows;C:\ProgramData\Oracle\Java\javapath;C:\Windows\system32;C:\Windows;C:\Windows\System32\Wbem;C:\Windows\System32\WindowsPowerShell\v1.0\;C:\Windows\System32\OpenSSH\;C:\Program Files\dotnet\;C:\Program Files\Java\jdk1.8.0_121\bin;C:\Program Files\Git\cmd;%MVN_HOME%\bin;C:\Program Files\Java\jdk1.8.0_121\bin;C:\Program Files\Apache\apache-maven-3.8.6\bin;C:\Program Files\nodejs\;C:\Users\Rx_bh\AppData\Local\Microsoft\WindowsApps;C:\Users\Rx_bh\AppData\Roaming\npm;."/>
    <property name="maven.conf" value="C:\Program Files\JetBrains\IntelliJ IDEA Community Edition 2022.2.2\plugins\maven\lib\maven3/conf"/>
    <property name="java.specification.name" value="Java Platform API Specification"/>
    <property name="java.class.version" value="52.0"/>
    <property name="sun.management.compiler" value="HotSpot 64-Bit Tiered Compilers"/>
    <property name="os.version" value="10.0"/>
    <property name="user.home" value="C:\Users\Rx_bh"/>
    <property name="user.timezone" value="Europe/London"/>
    <property name="java.awt.printerjob" value="sun.awt.windows.WPrinterJob"/>
    <property name="java.specification.version" value="1.8"/>
    <property name="file.encoding" value="UTF-8"/>
    <property name="user.name" value="Rx_bh"/>
    <property name="java.class.path" value="C:\Program Files\JetBrains\IntelliJ IDEA Community Edition 2022.2.2\plugins\maven\lib\maven3\boot\plexus-classworlds-2.6.0.jar;C:\Program Files\JetBrains\IntelliJ IDEA Community Edition 2022.2.2\plugins\maven\lib\maven3\boot\plexus-classworlds.license;C:\Program Files\JetBrains\IntelliJ IDEA Community Edition 2022.2.2\lib\idea_rt.jar"/>
    <property name="java.vm.specification.version" value="1.8"/>
    <property name="sun.arch.data.model" value="64"/>
    <property name="java.home" value="C:\Program Files\Java\jdk1.8.0_121\jre"/>
    <property name="sun.java.command" value="org.codehaus.classworlds.Launcher -Didea.version=2022.2.2 clean verify serenity:aggregate"/>
    <property name="java.specification.vendor" value="Oracle Corporation"/>
    <property name="user.language" value="en"/>
    <property name="awt.toolkit" value="sun.awt.windows.WToolkit"/>
    <property name="java.vm.info" value="mixed mode"/>
    <property name="java.version" value="1.8.0_121"/>
    <property name="java.ext.dirs" value="C:\Program Files\Java\jdk1.8.0_121\jre\lib\ext;C:\Windows\Sun\Java\lib\ext"/>
    <property name="sun.boot.class.path" value="C:\Program Files\Java\jdk1.8.0_121\jre\lib\resources.jar;C:\Program Files\Java\jdk1.8.0_121\jre\lib\rt.jar;C:\Program Files\Java\jdk1.8.0_121\jre\lib\sunrsasign.jar;C:\Program Files\Java\jdk1.8.0_121\jre\lib\jsse.jar;C:\Program Files\Java\jdk1.8.0_121\jre\lib\jce.jar;C:\Program Files\Java\jdk1.8.0_121\jre\lib\charsets.jar;C:\Program Files\Java\jdk1.8.0_121\jre\lib\jfr.jar;C:\Program Files\Java\jdk1.8.0_121\jre\classes"/>
    <property name="java.vendor" value="Oracle Corporation"/>
    <property name="maven.home" value="C:\Program Files\JetBrains\IntelliJ IDEA Community Edition 2022.2.2\plugins\maven\lib\maven3"/>
    <property name="file.separator" value="\"/>
    <property name="java.vendor.url.bug" value="http://bugreport.sun.com/bugreport/"/>
    <property name="sun.cpu.endian" value="little"/>
    <property name="sun.io.unicode.encoding" value="UnicodeLittle"/>
    <property name="sun.desktop" value="windows"/>
    <property name="sun.cpu.isalist" value="amd64"/>
  </properties>
  <testcase name="Given Bestbuy Application is running in the background" classname="Scenario: Creating new product" time="0"/>
  <testcase name="When I send a POST request to to create new product" classname="Scenario: Creating new product" time="0"/>
  <testcase name="And I insert name, type, price, shipping, upc, description, manufacture, model, url, image" classname="Scenario: Creating new product" time="0"/>
  <testcase name="Then I should be able to create product successfully" classname="Scenario: Creating new product" time="0"/>
  <testcase name="And I should get product ID" classname="Scenario: Creating new product" time="0"/>
  <testcase name="Scenario: Creating new product" classname="Scenario: Creating new product" time="0.182"/>
  <testcase name="Given Bestbuy Application is running in the background" classname="Scenario: Verify product is created by getting product info by given Id" time="0"/>
  <testcase name="When I send a request to get id for newly created product" classname="Scenario: Verify product is created by getting product info by given Id" time="0"/>
  <testcase name="Then I should be able to get product detail successfully" classname="Scenario: Verify product is created by getting product info by given Id" time="0"/>
  <testcase name="Scenario: Verify product is created by getting product info by given Id" classname="Scenario: Verify product is created by getting product info by given Id" time="0.059"/>
  <testcase name="Given Bestbuy Application is running in the background" classname="Scenario: Updating newly added product detail" time="0"/>
  <testcase name="When I send a PUT request to update product detail" classname="Scenario: Updating newly added product detail" time="0"/>
  <testcase name="And I update name, type, price, shipping, upc, description, manufacture, model, url, image" classname="Scenario: Updating newly added product detail" time="0"/>
  <testcase name="Then I verify product has been updated successfully" classname="Scenario: Updating newly added product detail" time="0"/>
  <testcase name="Scenario: Updating newly added product detail" classname="Scenario: Updating newly added product detail" time="0.114"/>
  <testcase name="Given Bestbuy Application is running in the background" classname="Scenario: Deleting store by given Id" time="0"/>
  <testcase name="Given Bestbuy Application is running in the background" classname="Scenario: Deleting store by given Id" time="0"/>
  <testcase name="When I send a DELETE request to delete product" classname="Scenario: Deleting store by given Id" time="0"/>
  <testcase name="Then product detail should be deleted successfully" classname="Scenario: Deleting store by given Id" time="0"/>
  <testcase name="And I verify product has been deleted" classname="Scenario: Deleting store by given Id" time="0"/>
  <testcase name="Scenario: Deleting store by given Id" classname="Scenario: Deleting store by given Id" time="0.067"/>
  <testcase name="Scenario: Deleting store by given Id" classname="Scenario: Deleting store by given Id" time="0.082"/>
  <testcase name="Given Bestbuy Application is running in the background" classname="Scenario: CURD TEST" time="0"/>
  <testcase name="Given Bestbuy Application is running in the background" classname="Scenario: CURD TEST" time="0"/>
  <testcase name="When I send a POST request to to create new product" classname="Scenario: CURD TEST" time="0"/>
  <testcase name="And I insert name, type, price, shipping, upc, description, manufacture, model, url, image" classname="Scenario: CURD TEST" time="0"/>
  <testcase name="And I should get product ID" classname="Scenario: CURD TEST" time="0"/>
  <testcase name="And I send a request to get id for newly created product" classname="Scenario: CURD TEST" time="0"/>
  <testcase name="And I send a PUT request to update product detail" classname="Scenario: CURD TEST" time="0"/>
  <testcase name="And I update name, type, price, shipping, upc, description, manufacture, model, url, image" classname="Scenario: CURD TEST" time="0"/>
  <testcase name="And I send a DELETE request to delete product" classname="Scenario: CURD TEST" time="0"/>
  <testcase name="Then I verify product has been deleted" classname="Scenario: CURD TEST" time="0"/>
  <testcase name="Scenario: CURD TEST" classname="Scenario: CURD TEST" time="0.049"/>
  <testcase name="Scenario: CURD TEST" classname="Scenario: CURD TEST" time="0.067"/>
  <testcase name="Given Bestbuy Application is running in the background" classname="Scenario: Creating store data" time="0"/>
  <testcase name="When I send a POST request to to create new store" classname="Scenario: Creating store data" time="0"/>
  <testcase name="And User insert name, type, address, address2, city, state,zip, lat, lng, hours" classname="Scenario: Creating store data" time="0"/>
  <testcase name="Then I should be able to create store successfully" classname="Scenario: Creating store data" time="0"/>
  <testcase name="And I should get store ID" classname="Scenario: Creating store data" time="0"/>
  <testcase name="Scenario: Creating store data" classname="Scenario: Creating store data" time="0.104"/>
  <testcase name="Given Bestbuy Application is running in the background" classname="Scenario: Verify store is created by getting Store info by given Id" time="0"/>
  <testcase name="When I send a request to get id for newly created store" classname="Scenario: Verify store is created by getting Store info by given Id" time="0"/>
  <testcase name="Then I should be able to get store detail successfully" classname="Scenario: Verify store is created by getting Store info by given Id" time="0"/>
  <testcase name="Scenario: Verify store is created by getting Store info by given Id" classname="Scenario: Verify store is created by getting Store info by given Id" time="0.156"/>
  <testcase name="Given Bestbuy Application is running in the background" classname="Scenario: Updating newly added store detail" time="0"/>
  <testcase name="When I send a PUT request to update store name" classname="Scenario: Updating newly added store detail" time="0"/>
  <testcase name="Then I verify name has been updated successfully" classname="Scenario: Updating newly added store detail" time="0"/>
  <testcase name="Scenario: Updating newly added store detail" classname="Scenario: Updating newly added store detail" time="0.109"/>
  <testcase name="When I send a DELETE request" classname="Scenario: Deleting store by given Id" time="0"/>
  <testcase name="Then Store detail should be deleted successfully" classname="Scenario: Deleting store by given Id" time="0"/>
  <testcase name="And I verify store has been deleted" classname="Scenario: Deleting store by given Id" time="0"/>
  <testcase name="When User insert name, type, address, address2, city, state,zip, lat, lng, hours" classname="Scenario: CURD TEST" time="0"/>
  <testcase name="And I should get store ID" classname="Scenario: CURD TEST" time="0"/>
  <testcase name="And I send a PUT request to update store name" classname="Scenario: CURD TEST" time="0"/>
  <testcase name="And I send a DELETE request" classname="Scenario: CURD TEST" time="0"/>
  <testcase name="And Store detail should be deleted successfully" classname="Scenario: CURD TEST" time="0"/>
  <testcase name="Then I verify store has been deleted" classname="Scenario: CURD TEST" time="0"/>
</testsuite>